Info: CustomCategory:desenvolvimento_de_testes: 7 mini seconds publishing element
Info: DeliveryProcess:Desenvolvimento de Testes: 121 mini seconds publishing element
Info: DeliveryProcess:Desenvolvimento de Testes: 578 mini seconds publishing process specific layout data
Info: Phase:Preparação: 75 mini seconds publishing element
Info: Activity:Preparação do Ambiente: 90 mini seconds publishing element
Info: TaskDescriptor:instalar_ferramentas_de_teste: 6 mini seconds publishing element
Info: Activity:Concepção da Feature: 122 mini seconds publishing element
Info: TaskDescriptor:identificacao_de_funcionalidade: 6 mini seconds publishing element
Info: TaskDescriptor:identificacao_de_cenario: 8 mini seconds publishing element
Info: TaskDescriptor:identificacao_de_papeis: 4 mini seconds publishing element
Info: Phase:Construção: 41 mini seconds publishing element
Info: Activity:Construção da Funcionalidade: 115 mini seconds publishing element
Info: TaskDescriptor:implementacao_da_funcionalidade: 6 mini seconds publishing element
Info: TaskDescriptor:implementao_de_cenarios: 5 mini seconds publishing element
Info: Activity:Teste da Feature: 121 mini seconds publishing element
Info: TaskDescriptor:utilizar_ferramenta_automatizada: 3 mini seconds publishing element
Info: TaskDescriptor:identificar_erros: 3 mini seconds publishing element
Info: TaskDescriptor:consertar_erros: 5 mini seconds publishing element
Info: Phase:Documentação: 49 mini seconds publishing element
Info: Activity:Relatório do Teste: 140 mini seconds publishing element
Info: TaskDescriptor:documentar_erros: 4 mini seconds publishing element
Info: TaskDescriptor:revisar_relatorio_final: 3 mini seconds publishing element
Info: RoleDescriptor:coordenador_dos_testes: 2 mini seconds publishing element
Info: RoleDescriptor:desenvolvedor_de_testes: 5 mini seconds publishing element
Info: WorkProductDescriptor:ambiente_preparado_para_o_desenvolvimento: 4 mini seconds publishing element
Info: WorkProductDescriptor:feature_de_teste_completa: 2 mini seconds publishing element
Info: WorkProductDescriptor:feature_de_teste_finalizada: 1 mini seconds publishing element
Info: WorkProductDescriptor:feature_de_teste_incompleta: 2 mini seconds publishing element
Info: WorkProductDescriptor:relatorio_final_de_testes: 2 mini seconds publishing element
Info: Task:instalar_ferramentas_de_teste: 10 mini seconds publishing element
Info: Role:desenvolvedor_de_testes: 72 mini seconds publishing element
Info: Artifact:ambiente_preparado_para_o_desenvolvimento: 20 mini seconds publishing element
Info: RoleDescriptor:desenvolvedor_de_testes: 8 mini seconds publishing element
Info: WorkProductDescriptor:ambiente_preparado_para_o_desenvolvimento: 3 mini seconds publishing element
Info: WorkProductDescriptor:feature_de_teste_completa: 4 mini seconds publishing element
Info: WorkProductDescriptor:feature_de_teste_finalizada: 4 mini seconds publishing element
Info: WorkProductDescriptor:feature_de_teste_incompleta: 3 mini seconds publishing element
Info: WorkProductDescriptor:relatorio_final_de_testes: 2 mini seconds publishing element
Info: Task:identificacao_de_funcionalidade: 11 mini seconds publishing element
Info: Task:identificacao_de_cenario: 8 mini seconds publishing element
Info: Task:identificacao_de_papeis: 12 mini seconds publishing element
Info: Artifact:feature_de_teste_incompleta: 13 mini seconds publishing element
Info: RoleDescriptor:desenvolvedor_de_testes: 4 mini seconds publishing element
Info: WorkProductDescriptor:ambiente_preparado_para_o_desenvolvimento: 2 mini seconds publishing element
Info: WorkProductDescriptor:feature_de_teste_completa: 3 mini seconds publishing element
Info: WorkProductDescriptor:feature_de_teste_finalizada: 2 mini seconds publishing element
Info: WorkProductDescriptor:feature_de_teste_incompleta: 3 mini seconds publishing element
Info: WorkProductDescriptor:relatorio_final_de_testes: 2 mini seconds publishing element
Info: Task:implementacao_da_funcionalidade: 6 mini seconds publishing element
Info: Task:implementao_de_cenarios: 7 mini seconds publishing element
Info: Artifact:feature_de_teste_completa: 11 mini seconds publishing element
Info: RoleDescriptor:desenvolvedor_de_testes: 5 mini seconds publishing element
Info: WorkProductDescriptor:ambiente_preparado_para_o_desenvolvimento: 3 mini seconds publishing element
Info: WorkProductDescriptor:feature_de_teste_completa: 4 mini seconds publishing element
Info: WorkProductDescriptor:feature_de_teste_finalizada: 3 mini seconds publishing element
Info: WorkProductDescriptor:feature_de_teste_incompleta: 2 mini seconds publishing element
Info: WorkProductDescriptor:relatorio_final_de_testes: 5 mini seconds publishing element
Info: Task:utilizar_ferramenta_automatizada: 12 mini seconds publishing element
Info: Task:identificar_erros: 8 mini seconds publishing element
Info: Task:consertar_erros: 8 mini seconds publishing element
Info: Artifact:feature_de_teste_finalizada: 13 mini seconds publishing element
Info: RoleDescriptor:desenvolvedor_de_testes: 4 mini seconds publishing element
Info: WorkProductDescriptor:ambiente_preparado_para_o_desenvolvimento: 2 mini seconds publishing element
Info: WorkProductDescriptor:feature_de_teste_completa: 3 mini seconds publishing element
Info: WorkProductDescriptor:feature_de_teste_finalizada: 3 mini seconds publishing element
Info: WorkProductDescriptor:feature_de_teste_incompleta: 2 mini seconds publishing element
Info: WorkProductDescriptor:relatorio_final_de_testes: 4 mini seconds publishing element
Info: Task:revisar_relatorio_final: 10 mini seconds publishing element
Info: Task:documentar_erros: 7 mini seconds publishing element
Info: Role:coordenador_dos_testes: 18 mini seconds publishing element
Info: Artifact:relatorio_final_de_testes: 13 mini seconds publishing element
Info: Discipline:preparacao_do_ambiente: 5 mini seconds publishing element
Info: Discipline:concepcao_da_feature: 4 mini seconds publishing element
Info: Discipline:construcao_da_funcionalidade: 4 mini seconds publishing element
Info: Discipline:teste_da_feature: 3 mini seconds publishing element
Info: Discipline:relatrio_do_teste: 4 mini seconds publishing element
Info: : Publishing time: 0 minutes 2 seconds
