Warning: Activity:Preparação do Ambiente: missing resource file './../../desenvolvimento_de_testes/deliveryprocesses/resources/Prepara&ccedil;&atilde;o do Ambiente_9BC55565_ActivityDetail.jpeg'
Warning: Activity:Preparação do Ambiente: missing resource file './../../desenvolvimento_de_testes/deliveryprocesses/Prepara&ccedil;&atilde;o_9CBAD17B.html'
Warning: Activity:Preparação do Ambiente: missing resource file './../../desenvolvimento_de_testes/deliveryprocesses/resources/Prepara&ccedil;&atilde;o do Ambiente_9BC55565_ActivityDetail.jpeg'
Warning: Activity:Concepção da Feature: missing resource file './../../desenvolvimento_de_testes/deliveryprocesses/resources/Concep&ccedil;&atilde;o da Feature_74B7CE3F_ActivityDetail.jpeg'
Warning: Activity:Concepção da Feature: missing resource file './../../desenvolvimento_de_testes/deliveryprocesses/Prepara&ccedil;&atilde;o_9CBAD17B.html'
Warning: Activity:Concepção da Feature: missing resource file './../../desenvolvimento_de_testes/deliveryprocesses/resources/Concep&ccedil;&atilde;o da Feature_74B7CE3F_ActivityDetail.jpeg'
Warning: Activity:Construção da Funcionalidade: missing resource file './../../desenvolvimento_de_testes/deliveryprocesses/resources/Constru&ccedil;&atilde;o da Funcionalidade_E7161850_ActivityDetail.jpeg'
Warning: Activity:Construção da Funcionalidade: missing resource file './../../desenvolvimento_de_testes/deliveryprocesses/Constru&ccedil;&atilde;o_10D0670D.html'
Warning: Activity:Construção da Funcionalidade: missing resource file './../../desenvolvimento_de_testes/deliveryprocesses/resources/Constru&ccedil;&atilde;o da Funcionalidade_E7161850_ActivityDetail.jpeg'
Warning: Activity:Teste da Feature: missing resource file './../../desenvolvimento_de_testes/deliveryprocesses/Constru&ccedil;&atilde;o_10D0670D.html'
Warning: Activity:Relatório do Teste: missing resource file './../../desenvolvimento_de_testes/deliveryprocesses/resources/Relat&oacute;rio do Teste_7031F095_ActivityDetail.jpeg'
Warning: Activity:Relatório do Teste: missing resource file './../../desenvolvimento_de_testes/deliveryprocesses/Documenta&ccedil;&atilde;o_5AFA2E4A.html'
Warning: Activity:Relatório do Teste: missing resource file './../../desenvolvimento_de_testes/deliveryprocesses/resources/Relat&oacute;rio do Teste_7031F095_ActivityDetail.jpeg'
Warning: Role:desenvolvedor_de_testes: missing resource file './../../desenvolvimento_de_testes/deliveryprocesses/Prepara&ccedil;&atilde;o_9CBAD17B.html'
Warning: Role:desenvolvedor_de_testes: missing resource file './../../desenvolvimento_de_testes/deliveryprocesses/Prepara&ccedil;&atilde;o do Ambiente_9BC55565.html'
Warning: Role:desenvolvedor_de_testes: missing resource file './../../desenvolvimento_de_testes/deliveryprocesses/Concep&ccedil;&atilde;o da Feature_74B7CE3F.html'
Warning: Role:desenvolvedor_de_testes: missing resource file './../../desenvolvimento_de_testes/deliveryprocesses/Constru&ccedil;&atilde;o_10D0670D.html'
Warning: Role:desenvolvedor_de_testes: missing resource file './../../desenvolvimento_de_testes/deliveryprocesses/Constru&ccedil;&atilde;o da Funcionalidade_E7161850.html'
Warning: Role:desenvolvedor_de_testes: missing resource file './../../desenvolvimento_de_testes/deliveryprocesses/Documenta&ccedil;&atilde;o_5AFA2E4A.html'
Warning: Role:desenvolvedor_de_testes: missing resource file './../../desenvolvimento_de_testes/deliveryprocesses/Relat&oacute;rio do Teste_7031F095.html'
Warning: Task:instalar_ferramentas_de_teste: missing resource file './../../desenvolvimento_de_testes/deliveryprocesses/Prepara&ccedil;&atilde;o_9CBAD17B.html'
Warning: Task:instalar_ferramentas_de_teste: missing resource file './../../desenvolvimento_de_testes/deliveryprocesses/Prepara&ccedil;&atilde;o do Ambiente_9BC55565.html'
Warning: Artifact:ambiente_de_desenvolvimento_de_software: missing resource file './../../desenvolvimento_de_testes/deliveryprocesses/Prepara&ccedil;&atilde;o_9CBAD17B.html'
Warning: Artifact:ambiente_de_desenvolvimento_de_software: missing resource file './../../desenvolvimento_de_testes/deliveryprocesses/Prepara&ccedil;&atilde;o do Ambiente_9BC55565.html'
Warning: Artifact:ambiente_preparado_para_o_desenvolvimento: missing resource file './../../desenvolvimento_de_testes/deliveryprocesses/Prepara&ccedil;&atilde;o_9CBAD17B.html'
Warning: Artifact:ambiente_preparado_para_o_desenvolvimento: missing resource file './../../desenvolvimento_de_testes/deliveryprocesses/Prepara&ccedil;&atilde;o do Ambiente_9BC55565.html'
Warning: Task:identificacao_de_feature: missing resource file './../../desenvolvimento_de_testes/deliveryprocesses/Prepara&ccedil;&atilde;o_9CBAD17B.html'
Warning: Task:identificacao_de_feature: missing resource file './../../desenvolvimento_de_testes/deliveryprocesses/Concep&ccedil;&atilde;o da Feature_74B7CE3F.html'
Warning: Task:identificacao_de_cenario: missing resource file './../../desenvolvimento_de_testes/deliveryprocesses/Prepara&ccedil;&atilde;o_9CBAD17B.html'
Warning: Task:identificacao_de_cenario: missing resource file './../../desenvolvimento_de_testes/deliveryprocesses/Concep&ccedil;&atilde;o da Feature_74B7CE3F.html'
Warning: Task:identificacao_de_papeis: missing resource file './../../desenvolvimento_de_testes/deliveryprocesses/Prepara&ccedil;&atilde;o_9CBAD17B.html'
Warning: Task:identificacao_de_papeis: missing resource file './../../desenvolvimento_de_testes/deliveryprocesses/Concep&ccedil;&atilde;o da Feature_74B7CE3F.html'
Warning: Artifact:feature_de_teste: missing resource file './../../desenvolvimento_de_testes/deliveryprocesses/Prepara&ccedil;&atilde;o_9CBAD17B.html'
Warning: Artifact:feature_de_teste: missing resource file './../../desenvolvimento_de_testes/deliveryprocesses/Concep&ccedil;&atilde;o da Feature_74B7CE3F.html'
Warning: Artifact:feature_de_teste: missing resource file './../../desenvolvimento_de_testes/deliveryprocesses/Constru&ccedil;&atilde;o_10D0670D.html'
Warning: Artifact:feature_de_teste: missing resource file './../../desenvolvimento_de_testes/deliveryprocesses/Constru&ccedil;&atilde;o da Funcionalidade_E7161850.html'
Warning: Task:implementacao_da_funcionalidade: missing resource file './../../desenvolvimento_de_testes/deliveryprocesses/Constru&ccedil;&atilde;o_10D0670D.html'
Warning: Task:implementacao_da_funcionalidade: missing resource file './../../desenvolvimento_de_testes/deliveryprocesses/Constru&ccedil;&atilde;o da Funcionalidade_E7161850.html'
Warning: Task:implementao_de_cenarios: missing resource file './../../desenvolvimento_de_testes/deliveryprocesses/Constru&ccedil;&atilde;o_10D0670D.html'
Warning: Task:implementao_de_cenarios: missing resource file './../../desenvolvimento_de_testes/deliveryprocesses/Constru&ccedil;&atilde;o da Funcionalidade_E7161850.html'
Warning: Artifact:funcionalidade: missing resource file './../../desenvolvimento_de_testes/deliveryprocesses/Constru&ccedil;&atilde;o_10D0670D.html'
Warning: Artifact:funcionalidade: missing resource file './../../desenvolvimento_de_testes/deliveryprocesses/Constru&ccedil;&atilde;o da Funcionalidade_E7161850.html'
Warning: Task:utilizar_ferramenta_automatizada: missing resource file './../../desenvolvimento_de_testes/deliveryprocesses/Constru&ccedil;&atilde;o_10D0670D.html'
Warning: Task:identificar_erros: missing resource file './../../desenvolvimento_de_testes/deliveryprocesses/Constru&ccedil;&atilde;o_10D0670D.html'
Warning: Task:consertar_erros: missing resource file './../../desenvolvimento_de_testes/deliveryprocesses/Constru&ccedil;&atilde;o_10D0670D.html'
Warning: Role:coordenador_dos_testes: missing resource file './../../desenvolvimento_de_testes/deliveryprocesses/Documenta&ccedil;&atilde;o_5AFA2E4A.html'
Warning: Role:coordenador_dos_testes: missing resource file './../../desenvolvimento_de_testes/deliveryprocesses/Relat&oacute;rio do Teste_7031F095.html'
Warning: Task:revisar_feature: missing resource file './../../desenvolvimento_de_testes/deliveryprocesses/Documenta&ccedil;&atilde;o_5AFA2E4A.html'
Warning: Task:revisar_feature: missing resource file './../../desenvolvimento_de_testes/deliveryprocesses/Relat&oacute;rio do Teste_7031F095.html'
Warning: Task:documentar_erros: missing resource file './../../desenvolvimento_de_testes/deliveryprocesses/Documenta&ccedil;&atilde;o_5AFA2E4A.html'
Warning: Task:documentar_erros: missing resource file './../../desenvolvimento_de_testes/deliveryprocesses/Relat&oacute;rio do Teste_7031F095.html'
